# JRE version: Java(TM) SE Runtime Environment (8.0_66-b17) (build 1.8.0_66-b17)
# Java VM: Java HotSpot(TM) Client VM (25.66-b17 mixed mode windows-x86 )
Heap:
 def new generation   total 39424K, used 25253K [0x02e00000, 0x058c0000, 0x0d8a0000)
  eden space 35072K,  72% used [0x02e00000, 0x046a9530, 0x05040000)
  from space 4352K,   0% used [0x05040000, 0x05040000, 0x05480000)
  to   space 4352K,   0% used [0x05480000, 0x05480000, 0x058c0000)
 tenured generation   total 87424K, used 12734K [0x0d8a0000, 0x12e00000, 0x22e00000)
   the space 87424K,  14% used [0x0d8a0000, 0x0e50fa00, 0x0e50fa00, 0x12e00000)
 Metaspace       used 15494K, capacity 15872K, committed 16000K, reserved 16768K
GC Heap History (6 events):
Event: 1.510 GC heap before
{Heap before GC invocations=0 (full 0):
 def new generation   total 39296K, used 34944K [0x02e00000, 0x058a0000, 0x0d8a0000)
  eden space 34944K, 100% used [0x02e00000, 0x05020000, 0x05020000)
  from space 4352K,   0% used [0x05020000, 0x05020000, 0x05460000)
  to   space 4352K,   0% used [0x05460000, 0x05460000, 0x058a0000)
 tenured generation   total 87424K, used 0K [0x0d8a0000, 0x12e00000, 0x22e00000)
   the space 87424K,   0% used [0x0d8a0000, 0x0d8a0000, 0x0d8a0200, 0x12e00000)
 Metaspace       used 9051K, capacity 9240K, committed 9344K, reserved 9600K
Event: 1.532 GC heap after
Heap after GC invocations=1 (full 0):
 def new generation   total 39296K, used 4352K [0x02e00000, 0x058a0000, 0x0d8a0000)
  eden space 34944K,   0% used [0x02e00000, 0x02e00000, 0x05020000)
  from space 4352K, 100% used [0x05460000, 0x058a0000, 0x058a0000)
  to   space 4352K,   0% used [0x05020000, 0x05020000, 0x05460000)
 tenured generation   total 87424K, used 2887K [0x0d8a0000, 0x12e00000, 0x22e00000)
   the space 87424K,   3% used [0x0d8a0000, 0x0db71d28, 0x0db71e00, 0x12e00000)
 Metaspace       used 9051K, capacity 9240K, committed 9344K, reserved 9600K
}
Event: 2.552 GC heap before
{Heap before GC invocations=1 (full 0):
 def new generation   total 39296K, used 39296K [0x02e00000, 0x058a0000, 0x0d8a0000)
  eden space 34944K, 100% used [0x02e00000, 0x05020000, 0x05020000)
  from space 4352K, 100% used [0x05460000, 0x058a0000, 0x058a0000)
  to   space 4352K,   0% used [0x05020000, 0x05020000, 0x05460000)
 tenured generation   total 87424K, used 2887K [0x0d8a0000, 0x12e00000, 0x22e00000)
   the space 87424K,   3% used [0x0d8a0000, 0x0db71d28, 0x0db71e00, 0x12e00000)
 Metaspace       used 11582K, capacity 11927K, committed 12032K, reserved 12672K
Event: 2.584 GC heap after
Heap after GC invocations=2 (full 0):
 def new generation   total 39296K, used 4352K [0x02e00000, 0x058a0000, 0x0d8a0000)
  eden space 34944K,   0% used [0x02e00000, 0x02e00000, 0x05020000)
  from space 4352K, 100% used [0x05020000, 0x05460000, 0x05460000)
  to   space 4352K,   0% used [0x05460000, 0x05460000, 0x058a0000)
 tenured generation   total 87424K, used 8787K [0x0d8a0000, 0x12e00000, 0x22e00000)
   the space 87424K,  10% used [0x0d8a0000, 0x0e134e48, 0x0e135000, 0x12e00000)
 Metaspace       used 11582K, capacity 11927K, committed 12032K, reserved 12672K
}
Event: 2.777 GC heap before
{Heap before GC invocations=2 (full 0):
 def new generation   total 39296K, used 11367K [0x02e00000, 0x058a0000, 0x0d8a0000)
  eden space 34944K,  20% used [0x02e00000, 0x034d9e48, 0x05020000)
  from space 4352K, 100% used [0x05020000, 0x05460000, 0x05460000)
  to   space 4352K,   0% used [0x05460000, 0x05460000, 0x058a0000)
 tenured generation   total 87424K, used 8787K [0x0d8a0000, 0x12e00000, 0x22e00000)
   the space 87424K,  10% used [0x0d8a0000, 0x0e134e48, 0x0e135000, 0x12e00000)
 Metaspace       used 11949K, capacity 12282K, committed 12288K, reserved 12672K
Event: 2.827 GC heap after
Heap after GC invocations=3 (full 1):
 def new generation   total 39424K, used 0K [0x02e00000, 0x058c0000, 0x0d8a0000)
  eden space 35072K,   0% used [0x02e00000, 0x02e00000, 0x05040000)
  from space 4352K,   0% used [0x05040000, 0x05040000, 0x05480000)
  to   space 4352K,   0% used [0x05480000, 0x05480000, 0x058c0000)
 tenured generation   total 87424K, used 12734K [0x0d8a0000, 0x12e00000, 0x22e00000)
   the space 87424K,  14% used [0x0d8a0000, 0x0e50fa00, 0x0e50fa00, 0x12e00000)
 Metaspace       used 11949K, capacity 12282K, committed 12288K, reserved 12672K
}

